<?xml version="1.0" encoding="UTF-8"?>
<!-- Generated by org.testng.reporters.JUnitXMLReporter -->
<testsuite hostname="NTB-11887" ignored="0" name="Different testng feature" tests="8" failures="0" timestamp="14 Jul 2019 14:33:21 GMT" time="29.881" errors="0">
  <testcase name="googleLogoTest" time="0.267" classname="com.test.testngTest.GoogleTest"/>
  <testcase name="googleTitleTest" time="0.009" classname="com.test.testngTest.GoogleTest"/>
  <testcase name="mailLinkTest" time="0.038" classname="com.test.testngTest.GoogleTest"/>
  <testcase name="test1" time="0.005" classname="com.test.testngTest.ExceptionTest"/>
  <testcase name="test1" time="0.004" classname="com.test.testngTest.TestNgBasics"/>
  <testcase name="googleTitle" time="0.002" classname="com.test.testngTest.TestNgBasics"/>
  <testcase name="logotest" time="0.002" classname="com.test.testngTest.TestNgBasics"/>
  <testcase name="searchTest" time="0.002" classname="com.test.testngTest.TestNgBasics"/>
</testsuite> <!-- Different testng feature -->
