<?xml version="1.0" encoding="UTF-8"?>
<testng-results skipped="0" failed="0" ignored="0" total="8" passed="8">
  <reporter-output>
  </reporter-output>
  <suite name="Testng seesion test automation" duration-ms="29881" started-at="2019-07-14T14:32:51Z" finished-at="2019-07-14T14:33:21Z">
    <groups>
      <group name="Title">
        <method signature="TestNgBasics.googleTitle()[pri:2, instance:com.test.testngTest.TestNgBasics@33c7e1bb]" name="googleTitle" class="com.test.testngTest.TestNgBasics"/>
      </group> <!-- Title -->
      <group name="Logo">
        <method signature="TestNgBasics.logotest()[pri:3, instance:com.test.testngTest.TestNgBasics@33c7e1bb]" name="logotest" class="com.test.testngTest.TestNgBasics"/>
      </group> <!-- Logo -->
    </groups>
    <test name="Different testng feature" duration-ms="29881" started-at="2019-07-14T14:32:51Z" finished-at="2019-07-14T14:33:21Z">
      <class name="com.test.testngTest.TestNgBasics">
        <test-method status="PASS" signature="setUp()[pri:0, instance:com.test.testngTest.TestNgBasics@33c7e1bb]" name="setUp" is-config="true" duration-ms="10" started-at="2019-07-14T14:32:51Z" finished-at="2019-07-14T14:32:51Z">
          <reporter-output>
          </reporter-output>
        </test-method> <!-- setUp -->
        <test-method status="PASS" signature="login()[pri:0, instance:com.test.testngTest.TestNgBasics@33c7e1bb]" name="login" is-config="true" duration-ms="2" started-at="2019-07-14T14:32:51Z" finished-at="2019-07-14T14:32:51Z">
          <reporter-output>
          </reporter-output>
        </test-method> <!-- login -->
        <test-method status="PASS" signature="launchBrowser()[pri:0, instance:com.test.testngTest.TestNgBasics@33c7e1bb]" name="launchBrowser" is-config="true" duration-ms="2" started-at="2019-07-14T14:33:21Z" finished-at="2019-07-14T14:33:21Z">
          <reporter-output>
          </reporter-output>
        </test-method> <!-- launchBrowser -->
        <test-method status="PASS" signature="enterURL()[pri:0, instance:com.test.testngTest.TestNgBasics@33c7e1bb]" name="enterURL" is-config="true" duration-ms="1" started-at="2019-07-14T14:33:21Z" finished-at="2019-07-14T14:33:21Z">
          <reporter-output>
          </reporter-output>
        </test-method> <!-- enterURL -->
        <test-method status="PASS" signature="test1()[pri:1, instance:com.test.testngTest.TestNgBasics@33c7e1bb]" name="test1" duration-ms="4" started-at="2019-07-14T14:33:21Z" finished-at="2019-07-14T14:33:21Z">
          <reporter-output>
          </reporter-output>
        </test-method> <!-- test1 -->
        <test-method status="PASS" signature="logout()[pri:0, instance:com.test.testngTest.TestNgBasics@33c7e1bb]" name="logout" is-config="true" duration-ms="1" started-at="2019-07-14T14:33:21Z" finished-at="2019-07-14T14:33:21Z">
          <reporter-output>
          </reporter-output>
        </test-method> <!-- logout -->
        <test-method status="PASS" signature="enterURL()[pri:0, instance:com.test.testngTest.TestNgBasics@33c7e1bb]" name="enterURL" is-config="true" duration-ms="1" started-at="2019-07-14T14:33:21Z" finished-at="2019-07-14T14:33:21Z">
          <reporter-output>
          </reporter-output>
        </test-method> <!-- enterURL -->
        <test-method status="PASS" signature="googleTitle()[pri:2, instance:com.test.testngTest.TestNgBasics@33c7e1bb]" name="googleTitle" duration-ms="2" started-at="2019-07-14T14:33:21Z" finished-at="2019-07-14T14:33:21Z">
          <reporter-output>
          </reporter-output>
        </test-method> <!-- googleTitle -->
        <test-method status="PASS" signature="logout()[pri:0, instance:com.test.testngTest.TestNgBasics@33c7e1bb]" name="logout" is-config="true" duration-ms="0" started-at="2019-07-14T14:33:21Z" finished-at="2019-07-14T14:33:21Z">
          <reporter-output>
          </reporter-output>
        </test-method> <!-- logout -->
        <test-method status="PASS" signature="enterURL()[pri:0, instance:com.test.testngTest.TestNgBasics@33c7e1bb]" name="enterURL" is-config="true" duration-ms="1" started-at="2019-07-14T14:33:21Z" finished-at="2019-07-14T14:33:21Z">
          <reporter-output>
          </reporter-output>
        </test-method> <!-- enterURL -->
        <test-method status="PASS" signature="logotest()[pri:3, instance:com.test.testngTest.TestNgBasics@33c7e1bb]" name="logotest" duration-ms="2" started-at="2019-07-14T14:33:21Z" finished-at="2019-07-14T14:33:21Z">
          <reporter-output>
          </reporter-output>
        </test-method> <!-- logotest -->
        <test-method status="PASS" signature="logout()[pri:0, instance:com.test.testngTest.TestNgBasics@33c7e1bb]" name="logout" is-config="true" duration-ms="0" started-at="2019-07-14T14:33:21Z" finished-at="2019-07-14T14:33:21Z">
          <reporter-output>
          </reporter-output>
        </test-method> <!-- logout -->
        <test-method status="PASS" signature="enterURL()[pri:0, instance:com.test.testngTest.TestNgBasics@33c7e1bb]" name="enterURL" is-config="true" duration-ms="0" started-at="2019-07-14T14:33:21Z" finished-at="2019-07-14T14:33:21Z">
          <reporter-output>
          </reporter-output>
        </test-method> <!-- enterURL -->
        <test-method status="PASS" signature="searchTest()[pri:4, instance:com.test.testngTest.TestNgBasics@33c7e1bb]" name="searchTest" duration-ms="2" started-at="2019-07-14T14:33:21Z" finished-at="2019-07-14T14:33:21Z">
          <reporter-output>
          </reporter-output>
        </test-method> <!-- searchTest -->
        <test-method status="PASS" signature="logout()[pri:0, instance:com.test.testngTest.TestNgBasics@33c7e1bb]" name="logout" is-config="true" duration-ms="1" started-at="2019-07-14T14:33:21Z" finished-at="2019-07-14T14:33:21Z">
          <reporter-output>
          </reporter-output>
        </test-method> <!-- logout -->
        <test-method status="PASS" signature="closeBrowser()[pri:0, instance:com.test.testngTest.TestNgBasics@33c7e1bb]" name="closeBrowser" is-config="true" duration-ms="1" started-at="2019-07-14T14:33:21Z" finished-at="2019-07-14T14:33:21Z">
          <reporter-output>
          </reporter-output>
        </test-method> <!-- closeBrowser -->
        <test-method status="PASS" signature="deleteAllCookies()[pri:0, instance:com.test.testngTest.TestNgBasics@33c7e1bb]" name="deleteAllCookies" is-config="true" duration-ms="2" started-at="2019-07-14T14:33:21Z" finished-at="2019-07-14T14:33:21Z">
          <reporter-output>
          </reporter-output>
        </test-method> <!-- deleteAllCookies -->
        <test-method status="PASS" signature="generateTestReport()[pri:0, instance:com.test.testngTest.TestNgBasics@33c7e1bb]" name="generateTestReport" is-config="true" duration-ms="0" started-at="2019-07-14T14:33:21Z" finished-at="2019-07-14T14:33:21Z">
          <reporter-output>
          </reporter-output>
        </test-method> <!-- generateTestReport -->
      </class> <!-- com.test.testngTest.TestNgBasics -->
      <class name="com.test.testngTest.GoogleTest">
        <test-method status="PASS" signature="setUp()[pri:0, instance:com.test.testngTest.GoogleTest@34c4973]" name="setUp" is-config="true" duration-ms="13191" started-at="2019-07-14T14:32:51Z" finished-at="2019-07-14T14:33:04Z">
          <reporter-output>
          </reporter-output>
        </test-method> <!-- setUp -->
        <test-method status="PASS" signature="googleLogoTest()[pri:0, instance:com.test.testngTest.GoogleTest@34c4973]" name="googleLogoTest" duration-ms="267" started-at="2019-07-14T14:33:04Z" finished-at="2019-07-14T14:33:04Z">
          <reporter-output>
          </reporter-output>
        </test-method> <!-- googleLogoTest -->
        <test-method status="PASS" signature="tearDown()[pri:0, instance:com.test.testngTest.GoogleTest@34c4973]" name="tearDown" is-config="true" duration-ms="816" started-at="2019-07-14T14:33:04Z" finished-at="2019-07-14T14:33:05Z">
          <reporter-output>
          </reporter-output>
        </test-method> <!-- tearDown -->
        <test-method status="PASS" signature="setUp()[pri:0, instance:com.test.testngTest.GoogleTest@34c4973]" name="setUp" is-config="true" duration-ms="7072" started-at="2019-07-14T14:33:05Z" finished-at="2019-07-14T14:33:12Z">
          <reporter-output>
          </reporter-output>
        </test-method> <!-- setUp -->
        <test-method status="PASS" signature="googleTitleTest()[pri:0, instance:com.test.testngTest.GoogleTest@34c4973]" name="googleTitleTest" duration-ms="9" started-at="2019-07-14T14:33:12Z" finished-at="2019-07-14T14:33:12Z">
          <reporter-output>
          </reporter-output>
        </test-method> <!-- googleTitleTest -->
        <test-method status="PASS" signature="tearDown()[pri:0, instance:com.test.testngTest.GoogleTest@34c4973]" name="tearDown" is-config="true" duration-ms="770" started-at="2019-07-14T14:33:12Z" finished-at="2019-07-14T14:33:13Z">
          <reporter-output>
          </reporter-output>
        </test-method> <!-- tearDown -->
        <test-method status="PASS" signature="setUp()[pri:0, instance:com.test.testngTest.GoogleTest@34c4973]" name="setUp" is-config="true" duration-ms="6871" started-at="2019-07-14T14:33:13Z" finished-at="2019-07-14T14:33:20Z">
          <reporter-output>
          </reporter-output>
        </test-method> <!-- setUp -->
        <test-method status="PASS" signature="mailLinkTest()[pri:0, instance:com.test.testngTest.GoogleTest@34c4973]" name="mailLinkTest" duration-ms="38" started-at="2019-07-14T14:33:20Z" finished-at="2019-07-14T14:33:20Z">
          <reporter-output>
          </reporter-output>
        </test-method> <!-- mailLinkTest -->
        <test-method status="PASS" signature="tearDown()[pri:0, instance:com.test.testngTest.GoogleTest@34c4973]" name="tearDown" is-config="true" duration-ms="766" started-at="2019-07-14T14:33:20Z" finished-at="2019-07-14T14:33:21Z">
          <reporter-output>
          </reporter-output>
        </test-method> <!-- tearDown -->
      </class> <!-- com.test.testngTest.GoogleTest -->
      <class name="com.test.testngTest.ExceptionTest">
        <test-method status="PASS" signature="test1()[pri:0, instance:com.test.testngTest.ExceptionTest@52feb982]" name="test1" duration-ms="5" started-at="2019-07-14T14:33:21Z" finished-at="2019-07-14T14:33:21Z">
          <exception class="java.lang.NumberFormatException">
            <message>
              <![CDATA[For input string: "100A"]]>
            </message>
            <full-stacktrace>
              <![CDATA[java.lang.NumberFormatException: For input string: "100A"
at java.lang.NumberFormatException.forInputString(NumberFormatException.java:65)
at java.lang.Integer.parseInt(Integer.java:580)
at java.lang.Integer.parseInt(Integer.java:615)
at com.test.testngTest.ExceptionTest.test1(ExceptionTest.java:11)
at sun.reflect.NativeMethodAccessorImpl.invoke0(Native Method)
at sun.reflect.NativeMethodAccessorImpl.invoke(NativeMethodAccessorImpl.java:62)
at sun.reflect.DelegatingMethodAccessorImpl.invoke(DelegatingMethodAccessorImpl.java:43)
at java.lang.reflect.Method.invoke(Method.java:498)
at org.testng.internal.MethodInvocationHelper.invokeMethod(MethodInvocationHelper.java:124)
at org.testng.internal.Invoker.invokeMethod(Invoker.java:583)
at org.testng.internal.Invoker.invokeTestMethod(Invoker.java:719)
at org.testng.internal.Invoker.invokeTestMethods(Invoker.java:989)
at org.testng.internal.TestMethodWorker.invokeTestMethods(TestMethodWorker.java:125)
at org.testng.internal.TestMethodWorker.run(TestMethodWorker.java:109)
at org.testng.TestRunner.privateRun(TestRunner.java:648)
at org.testng.TestRunner.run(TestRunner.java:505)
at org.testng.SuiteRunner.runTest(SuiteRunner.java:455)
at org.testng.SuiteRunner.runSequentially(SuiteRunner.java:450)
at org.testng.SuiteRunner.privateRun(SuiteRunner.java:415)
at org.testng.SuiteRunner.run(SuiteRunner.java:364)
at org.testng.SuiteRunnerWorker.runSuite(SuiteRunnerWorker.java:52)
at org.testng.SuiteRunnerWorker.run(SuiteRunnerWorker.java:84)
at org.testng.TestNG.runSuitesSequentially(TestNG.java:1208)
at org.testng.TestNG.runSuitesLocally(TestNG.java:1137)
at org.testng.TestNG.runSuites(TestNG.java:1049)
at org.testng.TestNG.run(TestNG.java:1017)
at org.testng.remote.AbstractRemoteTestNG.run(AbstractRemoteTestNG.java:115)
at org.testng.remote.RemoteTestNG.initAndRun(RemoteTestNG.java:251)
at org.testng.remote.RemoteTestNG.main(RemoteTestNG.java:77)
]]>
            </full-stacktrace>
          </exception> <!-- java.lang.NumberFormatException -->
          <reporter-output>
          </reporter-output>
        </test-method> <!-- test1 -->
      </class> <!-- com.test.testngTest.ExceptionTest -->
    </test> <!-- Different testng feature -->
  </suite> <!-- Testng seesion test automation -->
</testng-results>
